<?xml version="1.0" ?>
<testsuites failures="0" name="TestXML" tests="3" time="9.088">
	<testsuite name="C# SelfContainedStory" failures="0"  tests="1" time="0">
		<testcase name="When running a self contained story" time="0"></testcase>
	</testsuite>

	<testsuite name="Actor via FakeActor" failures="0"  tests="2" time="0">
		<testcase name="When calling instantiate_controller()" time="0"></testcase>
		<testcase name="When calling serialize() and deserialize()" time="0"></testcase>
	</testsuite>

	<testsuite name="StoryAudioChannel" failures="0"  tests="2" time="0">
		<testcase name="When calling serialize() and deserialize()" time="0"></testcase>
		<testcase name="When calling instantiate_controller()" time="0"></testcase>
	</testsuite>

</testsuites>